<?xml version="1.0" encoding="UTF-8"?>
<!-- Generated by org.testng.reporters.JUnitReportReporter -->
<testsuite hostname="DESKTOP-2N7K4L6" failures="0" tests="4" name="Default.LoginPage" time="3.162" errors="0" timestamp="2024-11-20T21:52:50 IST" skipped="0">
  <testcase classname="Default.LoginPage" name="HP_AboutUs" time="0.310"/>
  <testcase classname="Default.LoginPage" name="HP_OnlineBusBookingTitle" time="0.162"/>
  <testcase classname="Default.LoginPage" name="HP_Home" time="0.214"/>
  <testcase classname="Default.LoginPage" name="HP_SearchBuses" time="2.476"/>
</testsuite> <!-- Default.LoginPage -->
