<?xml version="1.0" encoding="UTF-8"?>
<!-- Generated by org.testng.reporters.JUnitReportReporter -->
<testsuite hostname="DESKTOP-2N7K4L6" failures="0" tests="1" name="Default.Registration" time="1.519" errors="0" timestamp="2024-10-14T22:51:14 IST" skipped="0">
  <testcase classname="Default.Registration" name="Regi" time="1.519"/>
</testsuite> <!-- Default.Registration -->
