<?xml version="1.0" encoding="UTF-8"?>
<!-- Generated by org.testng.reporters.JUnitReportReporter -->
<testsuite hostname="DESKTOP-2N7K4L6" failures="0" tests="5" name="Default.SearchBus" time="3.119" errors="0" timestamp="2024-11-20T21:48:32 IST" skipped="0">
  <testcase classname="Default.SearchBus" name="searchbus" time="0.002"/>
  <testcase classname="Default.SearchBus" name="HP_SearchBuses" time="2.449"/>
  <testcase classname="Default.SearchBus" name="HP_OnlineBusBookingTitle" time="0.163"/>
  <testcase classname="Default.SearchBus" name="HP_AboutUs" time="0.294"/>
  <testcase classname="Default.SearchBus" name="HP_Home" time="0.211"/>
</testsuite> <!-- Default.SearchBus -->
